<?xml version="1.0" encoding="UTF-8"?>
<!-- Generated by org.testng.reporters.JUnitReportReporter -->
<testsuite hostname="LAPTOP-BPS2AHJ8" failures="0" tests="1" name="moduleone.A" time="0.010" errors="0" timestamp="04 Mar 2023 03:19:24 GMT" skipped="0">
  <testcase classname="moduleone.A" name="testjava" time="0.010"/>
</testsuite> <!-- moduleone.A -->
